-------------------------------------------------------------------------------
Test set: com.tomtom.brownbag.reference.ReferenceBrownbagApplicationTests
-------------------------------------------------------------------------------
Tests run: 1, Failures: 1, Errors: 0, Skipped: 0, Time elapsed: 3.734 sec <<< FAILURE! - in com.tomtom.brownbag.reference.ReferenceBrownbagApplicationTests
demoController(com.tomtom.brownbag.reference.ReferenceBrownbagApplicationTests)  Time elapsed: 0.292 sec  <<< FAILURE!
org.junit.ComparisonFailure: expected:<"[value]"> but was:<"[{"timestamp":1478695938129,"status":404,"error":"Not Found","message":"No message available","path":"/key"}]">
	at sun.reflect.NativeConstructorAccessorImpl.newInstance0(Native Method)
	at sun.reflect.NativeConstructorAccessorImpl.newInstance(NativeConstructorAccessorImpl.java:62)
	at sun.reflect.DelegatingConstructorAccessorImpl.newInstance(DelegatingConstructorAccessorImpl.java:45)
	at com.tomtom.brownbag.reference.ReferenceBrownbagApplicationTests.demoController(ReferenceBrownbagApplicationTests.java:33)

