<?xml version="1.0" encoding="UTF-8"?>
<testsuite name="com.tomtom.brownbag.reference.ReferenceBrownbagApplicationTests" time="0.292" tests="1" errors="0" skipped="0" failures="1">
  <properties>
[...]
</properties>
  <testcase name="demoController" classname="com.tomtom.brownbag.reference.ReferenceBrownbagApplicationTests" time="0.292">
    <failure message="expected:&lt;&quot;[value]&quot;&gt; but was:&lt;&quot;[{&quot;timestamp&quot;:1478695938129,&quot;status&quot;:404,&quot;error&quot;:&quot;Not Found&quot;,&quot;message&quot;:&quot;No message available&quot;,&quot;path&quot;:&quot;/key&quot;}]&quot;&gt;" type="org.junit.ComparisonFailure"><![CDATA[org.junit.ComparisonFailure: expected:<"[value]"> but was:<"[{"timestamp":1478695938129,"status":404,"error":"Not Found","message":"No message available","path":"/key"}]">
	at sun.reflect.NativeConstructorAccessorImpl.newInstance0(Native Method)
	at sun.reflect.NativeConstructorAccessorImpl.newInstance(NativeConstructorAccessorImpl.java:62)
	at sun.reflect.DelegatingConstructorAccessorImpl.newInstance(DelegatingConstructorAccessorImpl.java:45)
	at com.tomtom.brownbag.reference.ReferenceBrownbagApplicationTests.demoController(ReferenceBrownbagApplicationTests.java:33)
]]></failure>
    <system-out><![CDATA[13:52:14.385 [main] DEBUG org.springframework.test.context.junit4.SpringJUnit4ClassRunner - SpringJUnit4ClassRunner constructor called with [class com.tomtom.brownbag.reference.ReferenceBrownbagApplicationTests]
13:52:14.390 [main] DEBUG org.springframework.test.context.BootstrapUtils - Instantiating CacheAwareContextLoaderDelegate from class [org.springframework.test.context.cache.DefaultCacheAwareContextLoaderDelegate]
13:52:14.397 [main] DEBUG org.springframework.test.context.BootstrapUtils - Instantiating BootstrapContext using constructor [public org.springframework.test.context.support.DefaultBootstrapContext(java.lang.Class,org.springframework.test.context.CacheAwareContextLoaderDelegate)]
13:52:14.409 [main] DEBUG org.springframework.test.context.BootstrapUtils - Instantiating TestContextBootstrapper for test class [com.tomtom.brownbag.reference.ReferenceBrownbagApplicationTests] from class [org.springframework.boot.test.context.SpringBootTestContextBootstrapper]
13:52:14.417 [main] INFO org.springframework.boot.test.context.SpringBootTestContextBootstrapper - Neither @ContextConfiguration nor @ContextHierarchy found for test class [com.tomtom.brownbag.reference.ReferenceBrownbagApplicationTests], using SpringBootContextLoader
13:52:14.419 [main] DEBUG org.springframework.test.context.support.AbstractContextLoader - Did not detect default resource location for test class [com.tomtom.brownbag.reference.ReferenceBrownbagApplicationTests]: class path resource [com/tomtom/brownbag/reference/ReferenceBrownbagApplicationTests-context.xml] does not exist
13:52:14.420 [main] DEBUG org.springframework.test.context.support.AbstractContextLoader - Did not detect default resource location for test class [com.tomtom.brownbag.reference.ReferenceBrownbagApplicationTests]: class path resource [com/tomtom/brownbag/reference/ReferenceBrownbagApplicationTestsContext.groovy] does not exist
13:52:14.420 [main] INFO org.springframework.test.context.support.AbstractContextLoader - Could not detect default resource locations for test class [com.tomtom.brownbag.reference.ReferenceBrownbagApplicationTests]: no resource found for suffixes {-context.xml, Context.groovy}.
13:52:14.420 [main] INFO org.springframework.test.context.support.AnnotationConfigContextLoaderUtils - Could not detect default configuration classes for test class [com.tomtom.brownbag.reference.ReferenceBrownbagApplicationTests]: ReferenceBrownbagApplicationTests does not declare any static, non-private, non-final, nested classes annotated with @Configuration.
13:52:14.460 [main] DEBUG org.springframework.test.context.support.ActiveProfilesUtils - Could not find an 'annotation declaring class' for annotation type [org.springframework.test.context.ActiveProfiles] and class [com.tomtom.brownbag.reference.ReferenceBrownbagApplicationTests]
13:52:14.492 [main] DEBUG org.springframework.core.env.StandardEnvironment - Adding [systemProperties] PropertySource with lowest search precedence
13:52:14.493 [main] DEBUG org.springframework.core.env.StandardEnvironment - Adding [systemEnvironment] PropertySource with lowest search precedence
13:52:14.493 [main] DEBUG org.springframework.core.env.StandardEnvironment - Initialized StandardEnvironment with PropertySources [systemProperties,systemEnvironment]
13:52:14.502 [main] DEBUG org.springframework.core.io.support.PathMatchingResourcePatternResolver - Resolved classpath location [com/tomtom/brownbag/reference/] to resources [URL [file:/home/blancqua/workspace/presentations/spring-boot-cloud-presentation/target/test-classes/com/tomtom/brownbag/reference/], URL [file:/home/blancqua/workspace/presentations/spring-boot-cloud-presentation/target/classes/com/tomtom/brownbag/reference/]]
13:52:14.502 [main] DEBUG org.springframework.core.io.support.PathMatchingResourcePatternResolver - Looking for matching resources in directory tree [/home/blancqua/workspace/presentations/spring-boot-cloud-presentation/target/test-classes/com/tomtom/brownbag/reference]
13:52:14.502 [main] DEBUG org.springframework.core.io.support.PathMatchingResourcePatternResolver - Searching directory [/home/blancqua/workspace/presentations/spring-boot-cloud-presentation/target/test-classes/com/tomtom/brownbag/reference] for files matching pattern [/home/blancqua/workspace/presentations/spring-boot-cloud-presentation/target/test-classes/com/tomtom/brownbag/reference/*.class]
13:52:14.504 [main] DEBUG org.springframework.core.io.support.PathMatchingResourcePatternResolver - Looking for matching resources in directory tree [/home/blancqua/workspace/presentations/spring-boot-cloud-presentation/target/classes/com/tomtom/brownbag/reference]
13:52:14.505 [main] DEBUG org.springframework.core.io.support.PathMatchingResourcePatternResolver - Searching directory [/home/blancqua/workspace/presentations/spring-boot-cloud-presentation/target/classes/com/tomtom/brownbag/reference] for files matching pattern [/home/blancqua/workspace/presentations/spring-boot-cloud-presentation/target/classes/com/tomtom/brownbag/reference/*.class]
13:52:14.505 [main] DEBUG org.springframework.core.io.support.PathMatchingResourcePatternResolver - Resolved location pattern [classpath*:com/tomtom/brownbag/reference/*.class] to resources [file [/home/blancqua/workspace/presentations/spring-boot-cloud-presentation/target/test-classes/com/tomtom/brownbag/reference/ReferenceBrownbagApplicationTests.class], file [/home/blancqua/workspace/presentations/spring-boot-cloud-presentation/target/classes/com/tomtom/brownbag/reference/ReferenceDemoController.class]]
13:52:14.519 [main] DEBUG org.springframework.core.io.support.PathMatchingResourcePatternResolver - Resolved classpath location [com/tomtom/brownbag/] to resources [URL [file:/home/blancqua/workspace/presentations/spring-boot-cloud-presentation/target/test-classes/com/tomtom/brownbag/], URL [file:/home/blancqua/workspace/presentations/spring-boot-cloud-presentation/target/classes/com/tomtom/brownbag/]]
13:52:14.519 [main] DEBUG org.springframework.core.io.support.PathMatchingResourcePatternResolver - Looking for matching resources in directory tree [/home/blancqua/workspace/presentations/spring-boot-cloud-presentation/target/test-classes/com/tomtom/brownbag]
13:52:14.519 [main] DEBUG org.springframework.core.io.support.PathMatchingResourcePatternResolver - Searching directory [/home/blancqua/workspace/presentations/spring-boot-cloud-presentation/target/test-classes/com/tomtom/brownbag] for files matching pattern [/home/blancqua/workspace/presentations/spring-boot-cloud-presentation/target/test-classes/com/tomtom/brownbag/*.class]
13:52:14.519 [main] DEBUG org.springframework.core.io.support.PathMatchingResourcePatternResolver - Looking for matching resources in directory tree [/home/blancqua/workspace/presentations/spring-boot-cloud-presentation/target/classes/com/tomtom/brownbag]
13:52:14.519 [main] DEBUG org.springframework.core.io.support.PathMatchingResourcePatternResolver - Searching directory [/home/blancqua/workspace/presentations/spring-boot-cloud-presentation/target/classes/com/tomtom/brownbag] for files matching pattern [/home/blancqua/workspace/presentations/spring-boot-cloud-presentation/target/classes/com/tomtom/brownbag/*.class]
13:52:14.520 [main] DEBUG org.springframework.core.io.support.PathMatchingResourcePatternResolver - Resolved location pattern [classpath*:com/tomtom/brownbag/*.class] to resources [file [/home/blancqua/workspace/presentations/spring-boot-cloud-presentation/target/classes/com/tomtom/brownbag/BrownbagApplication.class]]
13:52:14.542 [main] DEBUG org.springframework.context.annotation.ClassPathScanningCandidateComponentProvider - Identified candidate component class: file [/home/blancqua/workspace/presentations/spring-boot-cloud-presentation/target/classes/com/tomtom/brownbag/BrownbagApplication.class]
13:52:14.542 [main] INFO org.springframework.boot.test.context.SpringBootTestContextBootstrapper - Found @SpringBootConfiguration com.tomtom.brownbag.BrownbagApplication for test class com.tomtom.brownbag.reference.ReferenceBrownbagApplicationTests
13:52:14.544 [main] DEBUG org.springframework.boot.test.context.SpringBootTestContextBootstrapper - @TestExecutionListeners is not present for class [com.tomtom.brownbag.reference.ReferenceBrownbagApplicationTests]: using defaults.
13:52:14.548 [main] INFO org.springframework.boot.test.context.SpringBootTestContextBootstrapper - Loaded default TestExecutionListener class names from location [META-INF/spring.factories]: [org.springframework.boot.test.mock.mockito.MockitoTestExecutionListener, org.springframework.boot.test.mock.mockito.ResetMocksTestExecutionListener, org.springframework.boot.test.autoconfigure.restdocs.RestDocsTestExecutionListener, org.springframework.boot.test.autoconfigure.web.client.MockRestServiceServerResetTestExecutionListener, org.springframework.boot.test.autoconfigure.web.servlet.MockMvcPrintOnlyOnFailureTestExecutionListener, org.springframework.boot.test.autoconfigure.web.servlet.WebDriverTestExecutionListener, org.springframework.test.context.web.ServletTestExecutionListener, org.springframework.test.context.support.DirtiesContextBeforeModesTestExecutionListener, org.springframework.test.context.support.DependencyInjectionTestExecutionListener, org.springframework.test.context.support.DirtiesContextTestExecutionListener, org.springframework.test.context.transaction.TransactionalTestExecutionListener, org.springframework.test.context.jdbc.SqlScriptsTestExecutionListener]
13:52:14.556 [main] INFO org.springframework.boot.test.context.SpringBootTestContextBootstrapper - Could not instantiate TestExecutionListener [org.springframework.test.context.transaction.TransactionalTestExecutionListener]. Specify custom listener classes or make the default listener classes (and their required dependencies) available. Offending class: [org/springframework/transaction/TransactionDefinition]
13:52:14.558 [main] INFO org.springframework.boot.test.context.SpringBootTestContextBootstrapper - Could not instantiate TestExecutionListener [org.springframework.test.context.jdbc.SqlScriptsTestExecutionListener]. Specify custom listener classes or make the default listener classes (and their required dependencies) available. Offending class: [org/springframework/transaction/interceptor/TransactionAttribute]
13:52:14.560 [main] INFO org.springframework.boot.test.context.SpringBootTestContextBootstrapper - Using TestExecutionListeners: [org.springframework.test.context.web.ServletTestExecutionListener@2890c451, org.springframework.test.context.support.DirtiesContextBeforeModesTestExecutionListener@40e6dfe1, org.springframework.boot.test.autoconfigure.SpringBootDependencyInjectionTestExecutionListener@1b083826, org.springframework.test.context.support.DirtiesContextTestExecutionListener@105fece7, org.springframework.boot.test.autoconfigure.web.servlet.WebDriverTestExecutionListener@3ec300f1, org.springframework.boot.test.mock.mockito.ResetMocksTestExecutionListener@482cd91f, org.springframework.boot.test.autoconfigure.web.servlet.MockMvcPrintOnlyOnFailureTestExecutionListener@123f1134, org.springframework.boot.test.mock.mockito.MockitoTestExecutionListener@7d68ef40, org.springframework.boot.test.autoconfigure.restdocs.RestDocsTestExecutionListener@5b0abc94, org.springframework.boot.test.autoconfigure.web.client.MockRestServiceServerResetTestExecutionListener@75c072cb]
13:52:14.562 [main] DEBUG org.springframework.test.annotation.ProfileValueUtils - Retrieved @ProfileValueSourceConfiguration [null] for test class [com.tomtom.brownbag.reference.ReferenceBrownbagApplicationTests]
13:52:14.563 [main] DEBUG org.springframework.test.annotation.ProfileValueUtils - Retrieved ProfileValueSource type [class org.springframework.test.annotation.SystemProfileValueSource] for class [com.tomtom.brownbag.reference.ReferenceBrownbagApplicationTests]
13:52:14.564 [main] DEBUG org.springframework.test.context.junit4.SpringJUnit4ClassRunner - SpringJUnit4ClassRunner constructor called with [class com.tomtom.brownbag.reference.ReferenceBrownbagApplicationTests]
13:52:14.564 [main] DEBUG org.springframework.test.context.BootstrapUtils - Instantiating CacheAwareContextLoaderDelegate from class [org.springframework.test.context.cache.DefaultCacheAwareContextLoaderDelegate]
13:52:14.564 [main] DEBUG org.springframework.test.context.BootstrapUtils - Instantiating BootstrapContext using constructor [public org.springframework.test.context.support.DefaultBootstrapContext(java.lang.Class,org.springframework.test.context.CacheAwareContextLoaderDelegate)]
13:52:14.564 [main] DEBUG org.springframework.test.context.BootstrapUtils - Instantiating TestContextBootstrapper for test class [com.tomtom.brownbag.reference.ReferenceBrownbagApplicationTests] from class [org.springframework.boot.test.context.SpringBootTestContextBootstrapper]
13:52:14.565 [main] INFO org.springframework.boot.test.context.SpringBootTestContextBootstrapper - Neither @ContextConfiguration nor @ContextHierarchy found for test class [com.tomtom.brownbag.reference.ReferenceBrownbagApplicationTests], using SpringBootContextLoader
13:52:14.566 [main] DEBUG org.springframework.test.context.support.AbstractContextLoader - Did not detect default resource location for test class [com.tomtom.brownbag.reference.ReferenceBrownbagApplicationTests]: class path resource [com/tomtom/brownbag/reference/ReferenceBrownbagApplicationTests-context.xml] does not exist
13:52:14.566 [main] DEBUG org.springframework.test.context.support.AbstractContextLoader - Did not detect default resource location for test class [com.tomtom.brownbag.reference.ReferenceBrownbagApplicationTests]: class path resource [com/tomtom/brownbag/reference/ReferenceBrownbagApplicationTestsContext.groovy] does not exist
13:52:14.566 [main] INFO org.springframework.test.context.support.AbstractContextLoader - Could not detect default resource locations for test class [com.tomtom.brownbag.reference.ReferenceBrownbagApplicationTests]: no resource found for suffixes {-context.xml, Context.groovy}.
13:52:14.566 [main] INFO org.springframework.test.context.support.AnnotationConfigContextLoaderUtils - Could not detect default configuration classes for test class [com.tomtom.brownbag.reference.ReferenceBrownbagApplicationTests]: ReferenceBrownbagApplicationTests does not declare any static, non-private, non-final, nested classes annotated with @Configuration.
13:52:14.571 [main] DEBUG org.springframework.test.context.support.ActiveProfilesUtils - Could not find an 'annotation declaring class' for annotation type [org.springframework.test.context.ActiveProfiles] and class [com.tomtom.brownbag.reference.ReferenceBrownbagApplicationTests]
13:52:14.571 [main] DEBUG org.springframework.core.env.StandardEnvironment - Adding [systemProperties] PropertySource with lowest search precedence
13:52:14.571 [main] DEBUG org.springframework.core.env.StandardEnvironment - Adding [systemEnvironment] PropertySource with lowest search precedence
13:52:14.572 [main] DEBUG org.springframework.core.env.StandardEnvironment - Initialized StandardEnvironment with PropertySources [systemProperties,systemEnvironment]
13:52:14.572 [main] INFO org.springframework.boot.test.context.SpringBootTestContextBootstrapper - Found @SpringBootConfiguration com.tomtom.brownbag.BrownbagApplication for test class com.tomtom.brownbag.reference.ReferenceBrownbagApplicationTests
13:52:14.573 [main] DEBUG org.springframework.boot.test.context.SpringBootTestContextBootstrapper - @TestExecutionListeners is not present for class [com.tomtom.brownbag.reference.ReferenceBrownbagApplicationTests]: using defaults.
13:52:14.575 [main] INFO org.springframework.boot.test.context.SpringBootTestContextBootstrapper - Loaded default TestExecutionListener class names from location [META-INF/spring.factories]: [org.springframework.boot.test.mock.mockito.MockitoTestExecutionListener, org.springframework.boot.test.mock.mockito.ResetMocksTestExecutionListener, org.springframework.boot.test.autoconfigure.restdocs.RestDocsTestExecutionListener, org.springframework.boot.test.autoconfigure.web.client.MockRestServiceServerResetTestExecutionListener, org.springframework.boot.test.autoconfigure.web.servlet.MockMvcPrintOnlyOnFailureTestExecutionListener, org.springframework.boot.test.autoconfigure.web.servlet.WebDriverTestExecutionListener, org.springframework.test.context.web.ServletTestExecutionListener, org.springframework.test.context.support.DirtiesContextBeforeModesTestExecutionListener, org.springframework.test.context.support.DependencyInjectionTestExecutionListener, org.springframework.test.context.support.DirtiesContextTestExecutionListener, org.springframework.test.context.transaction.TransactionalTestExecutionListener, org.springframework.test.context.jdbc.SqlScriptsTestExecutionListener]
13:52:14.577 [main] INFO org.springframework.boot.test.context.SpringBootTestContextBootstrapper - Could not instantiate TestExecutionListener [org.springframework.test.context.transaction.TransactionalTestExecutionListener]. Specify custom listener classes or make the default listener classes (and their required dependencies) available. Offending class: [org/springframework/transaction/TransactionDefinition]
13:52:14.578 [main] INFO org.springframework.boot.test.context.SpringBootTestContextBootstrapper - Could not instantiate TestExecutionListener [org.springframework.test.context.jdbc.SqlScriptsTestExecutionListener]. Specify custom listener classes or make the default listener classes (and their required dependencies) available. Offending class: [org/springframework/transaction/interceptor/TransactionAttribute]
13:52:14.578 [main] INFO org.springframework.boot.test.context.SpringBootTestContextBootstrapper - Using TestExecutionListeners: [org.springframework.test.context.web.ServletTestExecutionListener@527e5409, org.springframework.test.context.support.DirtiesContextBeforeModesTestExecutionListener@1198b989, org.springframework.boot.test.autoconfigure.SpringBootDependencyInjectionTestExecutionListener@7ff95560, org.springframework.test.context.support.DirtiesContextTestExecutionListener@add0edd, org.springframework.boot.test.autoconfigure.web.servlet.WebDriverTestExecutionListener@2aa3cd93, org.springframework.boot.test.mock.mockito.ResetMocksTestExecutionListener@7ea37dbf, org.springframework.boot.test.autoconfigure.web.servlet.MockMvcPrintOnlyOnFailureTestExecutionListener@4b44655e, org.springframework.boot.test.mock.mockito.MockitoTestExecutionListener@290d210d, org.springframework.boot.test.autoconfigure.restdocs.RestDocsTestExecutionListener@1d76aeea, org.springframework.boot.test.autoconfigure.web.client.MockRestServiceServerResetTestExecutionListener@78dd667e]
13:52:14.578 [main] DEBUG org.springframework.test.annotation.ProfileValueUtils - Retrieved @ProfileValueSourceConfiguration [null] for test class [com.tomtom.brownbag.reference.ReferenceBrownbagApplicationTests]
13:52:14.578 [main] DEBUG org.springframework.test.annotation.ProfileValueUtils - Retrieved ProfileValueSource type [class org.springframework.test.annotation.SystemProfileValueSource] for class [com.tomtom.brownbag.reference.ReferenceBrownbagApplicationTests]
13:52:14.579 [main] DEBUG org.springframework.test.annotation.ProfileValueUtils - Retrieved @ProfileValueSourceConfiguration [null] for test class [com.tomtom.brownbag.reference.ReferenceBrownbagApplicationTests]
13:52:14.579 [main] DEBUG org.springframework.test.annotation.ProfileValueUtils - Retrieved ProfileValueSource type [class org.springframework.test.annotation.SystemProfileValueSource] for class [com.tomtom.brownbag.reference.ReferenceBrownbagApplicationTests]
13:52:14.581 [main] DEBUG org.springframework.test.context.support.AbstractDirtiesContextTestExecutionListener - Before test class: context [DefaultTestContext@1df82230 testClass = ReferenceBrownbagApplicationTests, testInstance = [null], testMethod = [null], testException = [null], mergedContextConfiguration = [WebMergedContextConfiguration@22635ba0 testClass = ReferenceBrownbagApplicationTests, locations = '{}', classes = '{class com.tomtom.brownbag.BrownbagApplication}', contextInitializerClasses = '[]', activeProfiles = '{}', propertySourceLocations = '{}', propertySourceProperties = '{org.springframework.boot.test.context.SpringBootTestContextBootstrapper=true, server.port=0}', contextCustomizers = set[org.springframework.boot.test.context.SpringBootTestContextCustomizer@13a5fe33, org.springframework.boot.test.context.filter.ExcludeFilterContextCustomizer@5f9d02cb, org.springframework.boot.test.mock.mockito.MockitoContextCustomizer@13ea8765, org.springframework.boot.test.autoconfigure.properties.PropertyMappingContextCustomizer@0, org.springframework.boot.test.autoconfigure.web.servlet.WebDriverContextCustomizerFactory$Customizer@1f7030a6], resourceBasePath = 'src/main/webapp', contextLoader = 'org.springframework.boot.test.context.SpringBootContextLoader', parent = [null]]], class annotated with @DirtiesContext [false] with mode [null].
13:52:14.581 [main] DEBUG org.springframework.test.annotation.ProfileValueUtils - Retrieved @ProfileValueSourceConfiguration [null] for test class [com.tomtom.brownbag.reference.ReferenceBrownbagApplicationTests]
13:52:14.581 [main] DEBUG org.springframework.test.annotation.ProfileValueUtils - Retrieved ProfileValueSource type [class org.springframework.test.annotation.SystemProfileValueSource] for class [com.tomtom.brownbag.reference.ReferenceBrownbagApplicationTests]
13:52:14.743 [main] DEBUG org.springframework.test.context.support.DependencyInjectionTestExecutionListener - Performing dependency injection for test context [[DefaultTestContext@1df82230 testClass = ReferenceBrownbagApplicationTests, testInstance = com.tomtom.brownbag.reference.ReferenceBrownbagApplicationTests@6f45df59, testMethod = [null], testException = [null], mergedContextConfiguration = [WebMergedContextConfiguration@22635ba0 testClass = ReferenceBrownbagApplicationTests, locations = '{}', classes = '{class com.tomtom.brownbag.BrownbagApplication}', contextInitializerClasses = '[]', activeProfiles = '{}', propertySourceLocations = '{}', propertySourceProperties = '{org.springframework.boot.test.context.SpringBootTestContextBootstrapper=true, server.port=0}', contextCustomizers = set[org.springframework.boot.test.context.SpringBootTestContextCustomizer@13a5fe33, org.springframework.boot.test.context.filter.ExcludeFilterContextCustomizer@5f9d02cb, org.springframework.boot.test.mock.mockito.MockitoContextCustomizer@13ea8765, org.springframework.boot.test.autoconfigure.properties.PropertyMappingContextCustomizer@0, org.springframework.boot.test.autoconfigure.web.servlet.WebDriverContextCustomizerFactory$Customizer@1f7030a6], resourceBasePath = 'src/main/webapp', contextLoader = 'org.springframework.boot.test.context.SpringBootContextLoader', parent = [null]]]].
13:52:14.780 [main] DEBUG org.springframework.core.env.StandardEnvironment - Adding [systemProperties] PropertySource with lowest search precedence
13:52:14.780 [main] DEBUG org.springframework.core.env.StandardEnvironment - Adding [systemEnvironment] PropertySource with lowest search precedence
13:52:14.780 [main] DEBUG org.springframework.core.env.StandardEnvironment - Initialized StandardEnvironment with PropertySources [systemProperties,systemEnvironment]
13:52:14.781 [main] DEBUG org.springframework.test.context.support.TestPropertySourceUtils - Adding inlined properties to environment: {spring.jmx.enabled=false, org.springframework.boot.test.context.SpringBootTestContextBootstrapper=true, server.port=0}
13:52:14.781 [main] DEBUG org.springframework.core.env.StandardEnvironment - Adding [Inlined Test Properties] PropertySource with highest search precedence

  .   ____          _            __ _ _
 /\\ / ___'_ __ _ _(_)_ __  __ _ \ \ \ \
( ( )\___ | '_ | '_| | '_ \/ _` | \ \ \ \
 \\/  ___)| |_)| | | | | || (_| |  ) ) ) )
  '  |____| .__|_| |_|_| |_\__, | / / / /
 =========|_|==============|___/=/_/_/_/
 :: Spring Boot ::        (v1.4.2.RELEASE)

2016-11-09 13:52:14.995  INFO 4470 --- [           main] .t.b.r.ReferenceBrownbagApplicationTests : Starting ReferenceBrownbagApplicationTests on be1lxl-106758 with PID 4470 (started by blancqua in /home/blancqua/workspace/presentations/spring-boot-cloud-presentation)
2016-11-09 13:52:14.996  INFO 4470 --- [           main] .t.b.r.ReferenceBrownbagApplicationTests : No active profile set, falling back to default profiles: default
2016-11-09 13:52:15.020  INFO 4470 --- [           main] ationConfigEmbeddedWebApplicationContext : Refreshing org.springframework.boot.context.embedded.AnnotationConfigEmbeddedWebApplicationContext@700fb871: startup date [Wed Nov 09 13:52:15 CET 2016]; root of context hierarchy
2016-11-09 13:52:15.787  INFO 4470 --- [           main] o.s.b.f.s.DefaultListableBeanFactory     : Overriding bean definition for bean 'managementServletContext' with a different definition: replacing [Root bean: class [null]; scope=; abstract=false; lazyInit=false; autowireMode=3; dependencyCheck=0; autowireCandidate=true; primary=false; factoryBeanName=org.springframework.boot.actuate.autoconfigure.EndpointWebMvcHypermediaManagementContextConfiguration; factoryMethodName=managementServletContext; initMethodName=null; destroyMethodName=(inferred); defined in class path resource [org/springframework/boot/actuate/autoconfigure/EndpointWebMvcHypermediaManagementContextConfiguration.class]] with [Root bean: class [null]; scope=; abstract=false; lazyInit=false; autowireMode=3; dependencyCheck=0; autowireCandidate=true; primary=false; factoryBeanName=org.springframework.boot.actuate.autoconfigure.EndpointWebMvcAutoConfiguration; factoryMethodName=managementServletContext; initMethodName=null; destroyMethodName=(inferred); defined in class path resource [org/springframework/boot/actuate/autoconfigure/EndpointWebMvcAutoConfiguration.class]]
2016-11-09 13:52:16.467  INFO 4470 --- [           main] s.b.c.e.t.TomcatEmbeddedServletContainer : Tomcat initialized with port(s): 0 (http)
2016-11-09 13:52:16.479  INFO 4470 --- [           main] o.apache.catalina.core.StandardService   : Starting service Tomcat
2016-11-09 13:52:16.481  INFO 4470 --- [           main] org.apache.catalina.core.StandardEngine  : Starting Servlet Engine: Apache Tomcat/8.5.6
2016-11-09 13:52:16.590  INFO 4470 --- [ost-startStop-1] o.a.c.c.C.[Tomcat].[localhost].[/]       : Initializing Spring embedded WebApplicationContext
2016-11-09 13:52:16.590  INFO 4470 --- [ost-startStop-1] o.s.web.context.ContextLoader            : Root WebApplicationContext: initialization completed in 1573 ms
2016-11-09 13:52:16.799  INFO 4470 --- [ost-startStop-1] o.s.b.w.servlet.ServletRegistrationBean  : Mapping servlet: 'dispatcherServlet' to [/]
2016-11-09 13:52:16.803  INFO 4470 --- [ost-startStop-1] o.s.b.w.servlet.FilterRegistrationBean   : Mapping filter: 'metricsFilter' to: [/*]
2016-11-09 13:52:16.804  INFO 4470 --- [ost-startStop-1] o.s.b.w.servlet.FilterRegistrationBean   : Mapping filter: 'characterEncodingFilter' to: [/*]
2016-11-09 13:52:16.804  INFO 4470 --- [ost-startStop-1] o.s.b.w.servlet.FilterRegistrationBean   : Mapping filter: 'hiddenHttpMethodFilter' to: [/*]
2016-11-09 13:52:16.804  INFO 4470 --- [ost-startStop-1] o.s.b.w.servlet.FilterRegistrationBean   : Mapping filter: 'httpPutFormContentFilter' to: [/*]
2016-11-09 13:52:16.804  INFO 4470 --- [ost-startStop-1] o.s.b.w.servlet.FilterRegistrationBean   : Mapping filter: 'requestContextFilter' to: [/*]
2016-11-09 13:52:16.804  INFO 4470 --- [ost-startStop-1] o.s.b.w.servlet.FilterRegistrationBean   : Mapping filter: 'webRequestLoggingFilter' to: [/*]
2016-11-09 13:52:16.804  INFO 4470 --- [ost-startStop-1] o.s.b.w.servlet.FilterRegistrationBean   : Mapping filter: 'applicationContextIdFilter' to: [/*]
2016-11-09 13:52:17.225  INFO 4470 --- [           main] s.w.s.m.m.a.RequestMappingHandlerAdapter : Looking for @ControllerAdvice: org.springframework.boot.context.embedded.AnnotationConfigEmbeddedWebApplicationContext@700fb871: startup date [Wed Nov 09 13:52:15 CET 2016]; root of context hierarchy
2016-11-09 13:52:17.233  INFO 4470 --- [           main] s.w.s.m.m.a.RequestMappingHandlerAdapter : Detected ResponseBodyAdvice bean in org.springframework.boot.actuate.autoconfigure.EndpointWebMvcHypermediaManagementContextConfiguration$ActuatorEndpointLinksAdvice
2016-11-09 13:52:17.291  INFO 4470 --- [           main] s.w.s.m.m.a.RequestMappingHandlerMapping : Mapped "{[/error],produces=[text/html]}" onto public org.springframework.web.servlet.ModelAndView org.springframework.boot.autoconfigure.web.BasicErrorController.errorHtml(javax.servlet.http.HttpServletRequest,javax.servlet.http.HttpServletResponse)
2016-11-09 13:52:17.293  INFO 4470 --- [           main] s.w.s.m.m.a.RequestMappingHandlerMapping : Mapped "{[/error]}" onto public org.springframework.http.ResponseEntity<java.util.Map<java.lang.String, java.lang.Object>> org.springframework.boot.autoconfigure.web.BasicErrorController.error(javax.servlet.http.HttpServletRequest)
2016-11-09 13:52:17.327  INFO 4470 --- [           main] o.s.w.s.handler.SimpleUrlHandlerMapping  : Mapped URL path [/webjars/**] onto handler of type [class org.springframework.web.servlet.resource.ResourceHttpRequestHandler]
2016-11-09 13:52:17.327  INFO 4470 --- [           main] o.s.w.s.handler.SimpleUrlHandlerMapping  : Mapped URL path [/**] onto handler of type [class org.springframework.web.servlet.resource.ResourceHttpRequestHandler]
2016-11-09 13:52:17.345  INFO 4470 --- [           main] .m.m.a.ExceptionHandlerExceptionResolver : Detected ResponseBodyAdvice implementation in org.springframework.boot.actuate.autoconfigure.EndpointWebMvcHypermediaManagementContextConfiguration$ActuatorEndpointLinksAdvice
2016-11-09 13:52:17.369  INFO 4470 --- [           main] o.s.w.s.handler.SimpleUrlHandlerMapping  : Mapped URL path [/**/favicon.ico] onto handler of type [class org.springframework.web.servlet.resource.ResourceHttpRequestHandler]
2016-11-09 13:52:17.394  INFO 4470 --- [           main] oConfiguration$WelcomePageHandlerMapping : Adding welcome page: class path resource [static/index.html]
2016-11-09 13:52:17.677  INFO 4470 --- [           main] o.s.b.a.e.mvc.EndpointHandlerMapping     : Mapped "{[/autoconfig || /autoconfig.json],methods=[GET],produces=[application/json]}" onto public java.lang.Object org.springframework.boot.actuate.endpoint.mvc.EndpointMvcAdapter.invoke()
2016-11-09 13:52:17.679  INFO 4470 --- [           main] o.s.b.a.e.mvc.EndpointHandlerMapping     : Mapped "{[/health || /health.json],produces=[application/json]}" onto public java.lang.Object org.springframework.boot.actuate.endpoint.mvc.HealthMvcEndpoint.invoke(java.security.Principal)
2016-11-09 13:52:17.680  INFO 4470 --- [           main] o.s.b.a.e.mvc.EndpointHandlerMapping     : Mapped "{[/configprops || /configprops.json],methods=[GET],produces=[application/json]}" onto public java.lang.Object org.springframework.boot.actuate.endpoint.mvc.EndpointMvcAdapter.invoke()
2016-11-09 13:52:17.682  INFO 4470 --- [           main] o.s.b.a.e.mvc.EndpointHandlerMapping     : Mapped "{[/actuator || /actuator.json],produces=[application/json]}" onto public org.springframework.hateoas.ResourceSupport org.springframework.boot.actuate.endpoint.mvc.HalJsonMvcEndpoint.links()
2016-11-09 13:52:17.685  INFO 4470 --- [           main] o.s.b.a.e.mvc.EndpointHandlerMapping     : Mapped "{[/mappings || /mappings.json],methods=[GET],produces=[application/json]}" onto public java.lang.Object org.springframework.boot.actuate.endpoint.mvc.EndpointMvcAdapter.invoke()
2016-11-09 13:52:17.687  INFO 4470 --- [           main] o.s.b.a.e.mvc.EndpointHandlerMapping     : Mapped "{[/trace || /trace.json],methods=[GET],produces=[application/json]}" onto public java.lang.Object org.springframework.boot.actuate.endpoint.mvc.EndpointMvcAdapter.invoke()
2016-11-09 13:52:17.689  INFO 4470 --- [           main] o.s.b.a.e.mvc.EndpointHandlerMapping     : Mapped "{[/heapdump || /heapdump.json],methods=[GET],produces=[application/octet-stream]}" onto public void org.springframework.boot.actuate.endpoint.mvc.HeapdumpMvcEndpoint.invoke(boolean,javax.servlet.http.HttpServletRequest,javax.servlet.http.HttpServletResponse) throws java.io.IOException,javax.servlet.ServletException
2016-11-09 13:52:17.692  INFO 4470 --- [           main] o.s.b.a.e.mvc.EndpointHandlerMapping     : Mapped "{[/info || /info.json],methods=[GET],produces=[application/json]}" onto public java.lang.Object org.springframework.boot.actuate.endpoint.mvc.EndpointMvcAdapter.invoke()
2016-11-09 13:52:17.694  INFO 4470 --- [           main] o.s.b.a.e.mvc.EndpointHandlerMapping     : Mapped "{[/env/{name:.*}],methods=[GET],produces=[application/json]}" onto public java.lang.Object org.springframework.boot.actuate.endpoint.mvc.EnvironmentMvcEndpoint.value(java.lang.String)
2016-11-09 13:52:17.696  INFO 4470 --- [           main] o.s.b.a.e.mvc.EndpointHandlerMapping     : Mapped "{[/env || /env.json],methods=[GET],produces=[application/json]}" onto public java.lang.Object org.springframework.boot.actuate.endpoint.mvc.EndpointMvcAdapter.invoke()
2016-11-09 13:52:17.700  INFO 4470 --- [           main] o.s.b.a.e.mvc.EndpointHandlerMapping     : Mapped "{[/metrics/{name:.*}],methods=[GET],produces=[application/json]}" onto public java.lang.Object org.springframework.boot.actuate.endpoint.mvc.MetricsMvcEndpoint.value(java.lang.String)
2016-11-09 13:52:17.701  INFO 4470 --- [           main] o.s.b.a.e.mvc.EndpointHandlerMapping     : Mapped "{[/metrics || /metrics.json],methods=[GET],produces=[application/json]}" onto public java.lang.Object org.springframework.boot.actuate.endpoint.mvc.EndpointMvcAdapter.invoke()
2016-11-09 13:52:17.704  INFO 4470 --- [           main] o.s.b.a.e.mvc.EndpointHandlerMapping     : Mapped "{[/beans || /beans.json],methods=[GET],produces=[application/json]}" onto public java.lang.Object org.springframework.boot.actuate.endpoint.mvc.EndpointMvcAdapter.invoke()
2016-11-09 13:52:17.705  INFO 4470 --- [           main] o.s.b.a.e.mvc.EndpointHandlerMapping     : Mapped "{[/dump || /dump.json],methods=[GET],produces=[application/json]}" onto public java.lang.Object org.springframework.boot.actuate.endpoint.mvc.EndpointMvcAdapter.invoke()
2016-11-09 13:52:17.995  INFO 4470 --- [           main] s.b.c.e.t.TomcatEmbeddedServletContainer : Tomcat started on port(s): 51753 (http)
2016-11-09 13:52:17.999  INFO 4470 --- [           main] .t.b.r.ReferenceBrownbagApplicationTests : Started ReferenceBrownbagApplicationTests in 3.216 seconds (JVM running for 3.856)
2016-11-09 13:52:18.080  INFO 4470 --- [o-auto-1-exec-1] o.a.c.c.C.[Tomcat].[localhost].[/]       : Initializing Spring FrameworkServlet 'dispatcherServlet'
2016-11-09 13:52:18.080  INFO 4470 --- [o-auto-1-exec-1] o.s.web.servlet.DispatcherServlet        : FrameworkServlet 'dispatcherServlet': initialization started
2016-11-09 13:52:18.091  INFO 4470 --- [o-auto-1-exec-1] o.s.web.servlet.DispatcherServlet        : FrameworkServlet 'dispatcherServlet': initialization completed in 11 ms
]]></system-out>
  </testcase>
</testsuite>